
R version 3.6.2 (2019-12-12) -- "Dark and Stormy Night"
Copyright (C) 2019 The R Foundation for Statistical Computing
Platform: x86_64-apple-darwin15.6.0 (64-bit)

R is free software and comes with ABSOLUTELY NO WARRANTY.
You are welcome to redistribute it under certain conditions.
Type 'license()' or 'licence()' for distribution details.

  Natural language support but running in an English locale

R is a collaborative project with many contributors.
Type 'contributors()' for more information and
'citation()' on how to cite R or R packages in publications.

Type 'demo()' for some demos, 'help()' for on-line help, or
'help.start()' for an HTML browser interface to help.
Type 'q()' to quit R.

> #!/usr/bin/env Rscript
> args = commandArgs(trailingOnly=TRUE)
> source('R/FUNC_woodchan_samples.R')
Loading required package: spam
Loading required package: dotCall64
Loading required package: grid
Spam version 2.7-0 (2021-06-25) is loaded.
Type 'help( Spam)' or 'demo( spam)' for a short introduction 
and overview of this package.
Help for individual functions is also obtained by adding the
suffix '.spam' to the function name, e.g. 'help( chol.spam)'.

Attaching package: ‘spam’

The following objects are masked from ‘package:base’:

    backsolve, forwardsolve

Loading required package: viridis
Loading required package: viridisLite
See https://github.com/NCAR/Fields for
 an extensive vignette, other supplements and source code 
> source('R/FUNC_paramater_estimates.R')
> source('R/DATA_generate_simulation.R')
> source('R/FUNC_Gibbs_Sampler.R')
> source('R/FUNC_Gibbs_Sampler_r.R')
> source('R/PLOTS_Gibbs_sampler.R')
> Rcpp::sourceCpp('src/FUNC_paramater_estimates_c.cpp')
ld: warning: directory not found for option '-L/usr/local/gfortran/lib/gcc/x86_64-apple-darwin15/6.1.0'

> timesTwo(42)
[1] 84
> 
> # things passed in 
> # r <- as.numeric(Sys.getenv("SLURM_ARRAY_TASK_ID")) 
> # current_t = ""
> 
> # r = as.numeric(args[1])
> # current_t = as.numeric(args[2])
> 
> ##args is now a list of character vectors
> ## First check to see if arguments are passed.
> ## Then cycle through each element of the list and evaluate the expressions.
> args=(commandArgs(TRUE))
> if(length(args)==0){
+   print("No arguments supplied.")
+   ##supply default values
+   stop("NO COMMAND LINE ARGUMENTS PASSED FOR R AND T")
+ }else{
+   for(i in 1:length(args)){
+     eval(parse(text=args[[i]]))
+   }
+ }
> 
> # function to read data
> read_data = function(i, t_val){
+   X_initial = read.csv(file = paste0("t", t_val, "/X_data_n100_t", t_val, "_rep",i,".csv"), header = T)
+   Y = as.matrix(read.csv(file = paste0("t", t_val, "/Y_data_n100_t", t_val, "_rep",i,".csv"), header = T))
+   X = list()
+   range = nrow(X_initial)/t_val
+   k = 1
+   for(j in 1:range){
+     X[[j]] = as.matrix(X_initial[(k:(j*t_val)), ])
+     k = (j*t_val)+1
+     
+   }
+   
+   return(list("X" = X, "y" = Y, "t_val" = t_val))
+ }
> 
> data = read_data(r, t)
> print(paste("GOT DATA FOR CASE", current_t, "/", r, "OF DIMENSION", nrow(data$X[[1]]), ",", ncol(data$X[[1]])))
Error in paste("GOT DATA FOR CASE", current_t, "/", r, "OF DIMENSION",  : 
  object 'current_t' not found
Calls: print -> paste
Execution halted
